<?xml version="1.0" encoding="UTF-8"?>
<testng-results skipped="0" failed="0" ignored="0" total="1" passed="1">
  <reporter-output>
  </reporter-output>
  <suite name="Default suite" duration-ms="50382" started-at="2019-02-18T15:56:41Z" finished-at="2019-02-18T15:57:32Z">
    <groups>
    </groups>
    <test name="Default test" duration-ms="50382" started-at="2019-02-18T15:56:41Z" finished-at="2019-02-18T15:57:32Z">
      <class name="com.training.sanity.tests.LoginTests4">
        <test-method status="PASS" signature="setUpBeforeClass()[pri:0, instance:com.training.sanity.tests.LoginTests4@6767c1fc]" name="setUpBeforeClass" is-config="true" duration-ms="15" started-at="2019-02-18T21:26:41Z" finished-at="2019-02-18T21:26:42Z">
          <reporter-output>
          </reporter-output>
        </test-method> <!-- setUpBeforeClass -->
        <test-method status="PASS" signature="setUp()[pri:0, instance:com.training.sanity.tests.LoginTests4@6767c1fc]" name="setUp" is-config="true" duration-ms="11964" started-at="2019-02-18T21:26:42Z" finished-at="2019-02-18T21:26:53Z">
          <reporter-output>
          </reporter-output>
        </test-method> <!-- setUp -->
        <test-method status="PASS" signature="validLoginTest()[pri:0, instance:com.training.sanity.tests.LoginTests4@6767c1fc]" name="validLoginTest" duration-ms="36405" started-at="2019-02-18T21:26:53Z" finished-at="2019-02-18T21:27:30Z">
          <reporter-output>
          </reporter-output>
        </test-method> <!-- validLoginTest -->
        <test-method status="PASS" signature="tearDown()[pri:0, instance:com.training.sanity.tests.LoginTests4@6767c1fc]" name="tearDown" is-config="true" duration-ms="1982" started-at="2019-02-18T21:27:30Z" finished-at="2019-02-18T21:27:32Z">
          <reporter-output>
          </reporter-output>
        </test-method> <!-- tearDown -->
      </class> <!-- com.training.sanity.tests.LoginTests4 -->
    </test> <!-- Default test -->
  </suite> <!-- Default suite -->
</testng-results>
